[INFO] [2017-05-23 17:20:35][org.springframework.web.context.ContextLoader]Root WebApplicationContext: initialization started
  [INFO] [2017-05-23 17:20:35][org.springframework.web.context.support.XmlWebApplicationContext]Refreshing Root WebApplicationContext: startup date [Tue May 23 17:20:35 CST 2017]; root of context hierarchy
  [INFO] [2017-05-23 17:20:35][org.springframework.beans.factory.xml.XmlBeanDefinitionReader]Loading XML bean definitions from file [D:\eclipse\eclipse\parent\taotao-manager-web\target\classes\spring\applicationContext-mydao.xml]
  [INFO] [2017-05-23 17:20:35][org.springframework.beans.factory.xml.XmlBeanDefinitionReader]Loading XML bean definitions from file [D:\eclipse\eclipse\parent\taotao-manager-web\target\classes\spring\applicationContext-service.xml]
  [INFO] [2017-05-23 17:20:35][org.springframework.beans.factory.xml.XmlBeanDefinitionReader]Loading XML bean definitions from file [D:\eclipse\eclipse\parent\taotao-manager-web\target\classes\spring\applicationContext-trans.xml]
  [INFO] [2017-05-23 17:20:36][org.springframework.context.support.PropertySourcesPlaceholderConfigurer]Loading properties file from file [D:\eclipse\eclipse\parent\taotao-manager-web\target\classes\properties\db.properties]
  [INFO] [2017-05-23 17:20:36][org.springframework.beans.factory.annotation.AutowiredAnnotationBeanPostProcessor]JSR-330 'javax.inject.Inject' annotation found and supported for autowiring
  [INFO] [2017-05-23 17:20:37][org.springframework.web.context.ContextLoader]Root WebApplicationContext: initialization completed in 2240 ms
  [INFO] [2017-05-23 17:20:37][org.springframework.web.servlet.DispatcherServlet]FrameworkServlet 'taotao': initialization started
  [INFO] [2017-05-23 17:20:37][org.springframework.web.context.support.XmlWebApplicationContext]Refreshing WebApplicationContext for namespace 'taotao-servlet': startup date [Tue May 23 17:20:37 CST 2017]; parent: Root WebApplicationContext
  [INFO] [2017-05-23 17:20:37][org.springframework.beans.factory.xml.XmlBeanDefinitionReader]Loading XML bean definitions from class path resource [spring/springmvc.xml]
  [INFO] [2017-05-23 17:20:37][org.springframework.beans.factory.annotation.AutowiredAnnotationBeanPostProcessor]JSR-330 'javax.inject.Inject' annotation found and supported for autowiring
  [INFO] [2017-05-23 17:20:38][org.springframework.web.servlet.mvc.method.annotation.RequestMappingHandlerMapping]Mapped "{[/],methods=[],params=[],headers=[],consumes=[],produces=[],custom=[]}" onto public java.lang.String com.chen.controller.PageController.showIndex()
  [INFO] [2017-05-23 17:20:38][org.springframework.web.servlet.mvc.method.annotation.RequestMappingHandlerMapping]Mapped "{[/{page}],methods=[],params=[],headers=[],consumes=[],produces=[],custom=[]}" onto public java.lang.String com.chen.controller.PageController.showPage(java.lang.String)
  [INFO] [2017-05-23 17:20:38][org.springframework.web.servlet.mvc.method.annotation.RequestMappingHandlerAdapter]Looking for @ControllerAdvice: WebApplicationContext for namespace 'taotao-servlet': startup date [Tue May 23 17:20:37 CST 2017]; parent: Root WebApplicationContext
  [INFO] [2017-05-23 17:20:38][org.springframework.web.servlet.mvc.method.annotation.RequestMappingHandlerAdapter]Looking for @ControllerAdvice: WebApplicationContext for namespace 'taotao-servlet': startup date [Tue May 23 17:20:37 CST 2017]; parent: Root WebApplicationContext
  [INFO] [2017-05-23 17:20:38][org.springframework.web.servlet.DispatcherServlet]FrameworkServlet 'taotao': initialization completed in 679 ms
  [WARN] [2017-05-23 17:20:56][org.springframework.web.servlet.PageNotFound]No mapping found for HTTP request with URI [/css/taotao.css] in DispatcherServlet with name 'taotao'
  [WARN] [2017-05-23 17:20:56][org.springframework.web.servlet.PageNotFound]No mapping found for HTTP request with URI [/js/jquery-easyui-1.4.1/themes/icon.css] in DispatcherServlet with name 'taotao'
  [WARN] [2017-05-23 17:20:56][org.springframework.web.servlet.PageNotFound]No mapping found for HTTP request with URI [/js/jquery-easyui-1.4.1/themes/default/easyui.css] in DispatcherServlet with name 'taotao'
  [WARN] [2017-05-23 17:20:56][org.springframework.web.servlet.PageNotFound]No mapping found for HTTP request with URI [/js/jquery-easyui-1.4.1/locale/easyui-lang-zh_CN.js] in DispatcherServlet with name 'taotao'
  [WARN] [2017-05-23 17:20:56][org.springframework.web.servlet.PageNotFound]No mapping found for HTTP request with URI [/js/common.js] in DispatcherServlet with name 'taotao'
  [WARN] [2017-05-23 17:20:57][org.springframework.web.servlet.PageNotFound]No mapping found for HTTP request with URI [/js/jquery-easyui-1.4.1/jquery.min.js] in DispatcherServlet with name 'taotao'
  [WARN] [2017-05-23 17:20:57][org.springframework.web.servlet.PageNotFound]No mapping found for HTTP request with URI [/js/jquery-easyui-1.4.1/jquery.easyui.min.js] in DispatcherServlet with name 'taotao'
  [WARN] [2017-05-23 17:20:57][org.springframework.web.servlet.PageNotFound]No mapping found for HTTP request with URI [/js/jquery-easyui-1.4.1/locale/easyui-lang-zh_CN.js] in DispatcherServlet with name 'taotao'
  [WARN] [2017-05-23 17:20:57][org.springframework.web.servlet.PageNotFound]No mapping found for HTTP request with URI [/js/common.js] in DispatcherServlet with name 'taotao'
  [INFO] [2017-05-23 17:21:39][org.springframework.web.context.ContextLoader]Root WebApplicationContext: initialization started
  [INFO] [2017-05-23 17:21:39][org.springframework.web.context.support.XmlWebApplicationContext]Refreshing Root WebApplicationContext: startup date [Tue May 23 17:21:39 CST 2017]; root of context hierarchy
  [INFO] [2017-05-23 17:21:39][org.springframework.beans.factory.xml.XmlBeanDefinitionReader]Loading XML bean definitions from file [D:\eclipse\eclipse\parent\taotao-manager-web\target\classes\spring\applicationContext-mydao.xml]
  [INFO] [2017-05-23 17:21:39][org.springframework.beans.factory.xml.XmlBeanDefinitionReader]Loading XML bean definitions from file [D:\eclipse\eclipse\parent\taotao-manager-web\target\classes\spring\applicationContext-service.xml]
  [INFO] [2017-05-23 17:21:39][org.springframework.beans.factory.xml.XmlBeanDefinitionReader]Loading XML bean definitions from file [D:\eclipse\eclipse\parent\taotao-manager-web\target\classes\spring\applicationContext-trans.xml]
  [INFO] [2017-05-23 17:21:39][org.springframework.context.support.PropertySourcesPlaceholderConfigurer]Loading properties file from file [D:\eclipse\eclipse\parent\taotao-manager-web\target\classes\properties\db.properties]
  [INFO] [2017-05-23 17:21:39][org.springframework.beans.factory.annotation.AutowiredAnnotationBeanPostProcessor]JSR-330 'javax.inject.Inject' annotation found and supported for autowiring
  [INFO] [2017-05-23 17:21:40][org.springframework.web.context.ContextLoader]Root WebApplicationContext: initialization completed in 1068 ms
  [INFO] [2017-05-23 17:21:40][org.springframework.web.servlet.DispatcherServlet]FrameworkServlet 'taotao': initialization started
  [INFO] [2017-05-23 17:21:40][org.springframework.web.context.support.XmlWebApplicationContext]Refreshing WebApplicationContext for namespace 'taotao-servlet': startup date [Tue May 23 17:21:40 CST 2017]; parent: Root WebApplicationContext
  [INFO] [2017-05-23 17:21:40][org.springframework.beans.factory.xml.XmlBeanDefinitionReader]Loading XML bean definitions from class path resource [spring/springmvc.xml]
  [INFO] [2017-05-23 17:21:40][org.springframework.beans.factory.annotation.AutowiredAnnotationBeanPostProcessor]JSR-330 'javax.inject.Inject' annotation found and supported for autowiring
  [INFO] [2017-05-23 17:21:40][org.springframework.web.servlet.mvc.method.annotation.RequestMappingHandlerMapping]Mapped "{[/{page}],methods=[],params=[],headers=[],consumes=[],produces=[],custom=[]}" onto public java.lang.String com.chen.controller.PageController.showPage(java.lang.String)
  [INFO] [2017-05-23 17:21:40][org.springframework.web.servlet.mvc.method.annotation.RequestMappingHandlerMapping]Mapped "{[/],methods=[],params=[],headers=[],consumes=[],produces=[],custom=[]}" onto public java.lang.String com.chen.controller.PageController.showIndex()
  [INFO] [2017-05-23 17:21:41][org.springframework.web.servlet.mvc.method.annotation.RequestMappingHandlerAdapter]Looking for @ControllerAdvice: WebApplicationContext for namespace 'taotao-servlet': startup date [Tue May 23 17:21:40 CST 2017]; parent: Root WebApplicationContext
  [INFO] [2017-05-23 17:21:41][org.springframework.web.servlet.mvc.method.annotation.RequestMappingHandlerAdapter]Looking for @ControllerAdvice: WebApplicationContext for namespace 'taotao-servlet': startup date [Tue May 23 17:21:40 CST 2017]; parent: Root WebApplicationContext
  [INFO] [2017-05-23 17:21:41][org.springframework.web.servlet.handler.SimpleUrlHandlerMapping]Mapped URL path [/js/**] onto handler 'org.springframework.web.servlet.resource.ResourceHttpRequestHandler#0'
  [INFO] [2017-05-23 17:21:41][org.springframework.web.servlet.handler.SimpleUrlHandlerMapping]Mapped URL path [/css/**] onto handler 'org.springframework.web.servlet.resource.ResourceHttpRequestHandler#1'
  [INFO] [2017-05-23 17:21:41][org.springframework.web.servlet.handler.SimpleUrlHandlerMapping]Mapped URL path [/commons/**] onto handler 'org.springframework.web.servlet.resource.ResourceHttpRequestHandler#2'
  [INFO] [2017-05-23 17:21:41][org.springframework.web.servlet.DispatcherServlet]FrameworkServlet 'taotao': initialization completed in 553 ms
  [INFO] [2017-05-23 17:54:13][org.springframework.web.context.ContextLoader]Root WebApplicationContext: initialization started
  [INFO] [2017-05-23 17:54:13][org.springframework.web.context.support.XmlWebApplicationContext]Refreshing Root WebApplicationContext: startup date [Tue May 23 17:54:13 CST 2017]; root of context hierarchy
  [INFO] [2017-05-23 17:54:13][org.springframework.beans.factory.xml.XmlBeanDefinitionReader]Loading XML bean definitions from file [D:\eclipse\eclipse\parent\taotao-manager-web\target\classes\spring\applicationContext-mydao.xml]
  [INFO] [2017-05-23 17:54:13][org.springframework.beans.factory.xml.XmlBeanDefinitionReader]Loading XML bean definitions from file [D:\eclipse\eclipse\parent\taotao-manager-web\target\classes\spring\applicationContext-service.xml]
  [INFO] [2017-05-23 17:54:14][org.springframework.beans.factory.xml.XmlBeanDefinitionReader]Loading XML bean definitions from file [D:\eclipse\eclipse\parent\taotao-manager-web\target\classes\spring\applicationContext-trans.xml]
  [INFO] [2017-05-23 17:54:14][org.springframework.context.support.PropertySourcesPlaceholderConfigurer]Loading properties file from file [D:\eclipse\eclipse\parent\taotao-manager-web\target\classes\properties\db.properties]
  [INFO] [2017-05-23 17:54:14][org.springframework.beans.factory.annotation.AutowiredAnnotationBeanPostProcessor]JSR-330 'javax.inject.Inject' annotation found and supported for autowiring
  [INFO] [2017-05-23 17:54:15][org.springframework.web.context.ContextLoader]Root WebApplicationContext: initialization completed in 1969 ms
  [INFO] [2017-05-23 17:54:15][org.springframework.web.servlet.DispatcherServlet]FrameworkServlet 'taotao': initialization started
  [INFO] [2017-05-23 17:54:15][org.springframework.web.context.support.XmlWebApplicationContext]Refreshing WebApplicationContext for namespace 'taotao-servlet': startup date [Tue May 23 17:54:15 CST 2017]; parent: Root WebApplicationContext
  [INFO] [2017-05-23 17:54:15][org.springframework.beans.factory.xml.XmlBeanDefinitionReader]Loading XML bean definitions from class path resource [spring/springmvc.xml]
  [INFO] [2017-05-23 17:54:15][org.springframework.beans.factory.annotation.AutowiredAnnotationBeanPostProcessor]JSR-330 'javax.inject.Inject' annotation found and supported for autowiring
  [INFO] [2017-05-23 17:54:15][org.springframework.web.servlet.mvc.method.annotation.RequestMappingHandlerMapping]Mapped "{[/{page}],methods=[],params=[],headers=[],consumes=[],produces=[],custom=[]}" onto public java.lang.String com.chen.controller.PageController.showPage(java.lang.String)
  [INFO] [2017-05-23 17:54:15][org.springframework.web.servlet.mvc.method.annotation.RequestMappingHandlerMapping]Mapped "{[/],methods=[],params=[],headers=[],consumes=[],produces=[],custom=[]}" onto public java.lang.String com.chen.controller.PageController.showIndex()
  [INFO] [2017-05-23 17:54:16][org.springframework.web.servlet.mvc.method.annotation.RequestMappingHandlerAdapter]Looking for @ControllerAdvice: WebApplicationContext for namespace 'taotao-servlet': startup date [Tue May 23 17:54:15 CST 2017]; parent: Root WebApplicationContext
  [INFO] [2017-05-23 17:54:16][org.springframework.web.servlet.mvc.method.annotation.RequestMappingHandlerAdapter]Looking for @ControllerAdvice: WebApplicationContext for namespace 'taotao-servlet': startup date [Tue May 23 17:54:15 CST 2017]; parent: Root WebApplicationContext
  [INFO] [2017-05-23 17:54:16][org.springframework.web.servlet.handler.SimpleUrlHandlerMapping]Mapped URL path [/js/**] onto handler 'org.springframework.web.servlet.resource.ResourceHttpRequestHandler#0'
  [INFO] [2017-05-23 17:54:16][org.springframework.web.servlet.handler.SimpleUrlHandlerMapping]Mapped URL path [/css/**] onto handler 'org.springframework.web.servlet.resource.ResourceHttpRequestHandler#1'
  [INFO] [2017-05-23 17:54:16][org.springframework.web.servlet.handler.SimpleUrlHandlerMapping]Mapped URL path [/commons/**] onto handler 'org.springframework.web.servlet.resource.ResourceHttpRequestHandler#2'
  [INFO] [2017-05-23 17:54:16][org.springframework.web.servlet.DispatcherServlet]FrameworkServlet 'taotao': initialization completed in 788 ms
  [INFO] [2017-05-23 18:09:39][org.springframework.web.context.ContextLoader]Root WebApplicationContext: initialization started
  [INFO] [2017-05-23 18:09:39][org.springframework.web.context.support.XmlWebApplicationContext]Refreshing Root WebApplicationContext: startup date [Tue May 23 18:09:39 CST 2017]; root of context hierarchy
  [INFO] [2017-05-23 18:09:39][org.springframework.beans.factory.xml.XmlBeanDefinitionReader]Loading XML bean definitions from file [D:\eclipse\eclipse\parent\taotao-manager-web\target\classes\spring\applicationContext-mydao.xml]
  [INFO] [2017-05-23 18:09:40][org.springframework.beans.factory.xml.XmlBeanDefinitionReader]Loading XML bean definitions from file [D:\eclipse\eclipse\parent\taotao-manager-web\target\classes\spring\applicationContext-service.xml]
  [INFO] [2017-05-23 18:09:40][org.springframework.beans.factory.xml.XmlBeanDefinitionReader]Loading XML bean definitions from file [D:\eclipse\eclipse\parent\taotao-manager-web\target\classes\spring\applicationContext-trans.xml]
  [INFO] [2017-05-23 18:09:40][org.springframework.context.support.PropertySourcesPlaceholderConfigurer]Loading properties file from file [D:\eclipse\eclipse\parent\taotao-manager-web\target\classes\properties\db.properties]
  [INFO] [2017-05-23 18:09:40][org.springframework.beans.factory.annotation.AutowiredAnnotationBeanPostProcessor]JSR-330 'javax.inject.Inject' annotation found and supported for autowiring
  [INFO] [2017-05-23 18:09:41][org.springframework.web.context.ContextLoader]Root WebApplicationContext: initialization completed in 1145 ms
  [INFO] [2017-05-23 18:09:41][org.springframework.web.servlet.DispatcherServlet]FrameworkServlet 'taotao': initialization started
  [INFO] [2017-05-23 18:09:41][org.springframework.web.context.support.XmlWebApplicationContext]Refreshing WebApplicationContext for namespace 'taotao-servlet': startup date [Tue May 23 18:09:41 CST 2017]; parent: Root WebApplicationContext
  [INFO] [2017-05-23 18:09:41][org.springframework.beans.factory.xml.XmlBeanDefinitionReader]Loading XML bean definitions from class path resource [spring/springmvc.xml]
  [INFO] [2017-05-23 18:09:41][org.springframework.beans.factory.annotation.AutowiredAnnotationBeanPostProcessor]JSR-330 'javax.inject.Inject' annotation found and supported for autowiring
  [INFO] [2017-05-23 18:09:41][org.springframework.web.servlet.mvc.method.annotation.RequestMappingHandlerMapping]Mapped "{[/item/cat/list],methods=[],params=[],headers=[],consumes=[],produces=[],custom=[]}" onto public java.util.List<com.chen.common.pojo.EasyUITreeNode> com.chen.controller.ItemCatController.getItemCatList(java.lang.Long)
  [INFO] [2017-05-23 18:09:41][org.springframework.web.servlet.mvc.method.annotation.RequestMappingHandlerMapping]Mapped "{[/item/list],methods=[],params=[],headers=[],consumes=[],produces=[],custom=[]}" onto public com.chen.common.pojo.EasyUIDataGridResult com.chen.controller.ItemController.getItemList(java.lang.Integer,java.lang.Integer)
  [INFO] [2017-05-23 18:09:41][org.springframework.web.servlet.mvc.method.annotation.RequestMappingHandlerMapping]Mapped "{[/{page}],methods=[],params=[],headers=[],consumes=[],produces=[],custom=[]}" onto public java.lang.String com.chen.controller.PageController.showPage(java.lang.String)
  [INFO] [2017-05-23 18:09:41][org.springframework.web.servlet.mvc.method.annotation.RequestMappingHandlerMapping]Mapped "{[/],methods=[],params=[],headers=[],consumes=[],produces=[],custom=[]}" onto public java.lang.String com.chen.controller.PageController.showIndex()
  [INFO] [2017-05-23 18:09:41][org.springframework.web.servlet.mvc.method.annotation.RequestMappingHandlerAdapter]Looking for @ControllerAdvice: WebApplicationContext for namespace 'taotao-servlet': startup date [Tue May 23 18:09:41 CST 2017]; parent: Root WebApplicationContext
  [INFO] [2017-05-23 18:09:41][org.springframework.web.servlet.mvc.method.annotation.RequestMappingHandlerAdapter]Looking for @ControllerAdvice: WebApplicationContext for namespace 'taotao-servlet': startup date [Tue May 23 18:09:41 CST 2017]; parent: Root WebApplicationContext
  [INFO] [2017-05-23 18:09:41][org.springframework.web.servlet.handler.SimpleUrlHandlerMapping]Mapped URL path [/js/**] onto handler 'org.springframework.web.servlet.resource.ResourceHttpRequestHandler#0'
  [INFO] [2017-05-23 18:09:41][org.springframework.web.servlet.handler.SimpleUrlHandlerMapping]Mapped URL path [/css/**] onto handler 'org.springframework.web.servlet.resource.ResourceHttpRequestHandler#1'
  [INFO] [2017-05-23 18:09:41][org.springframework.web.servlet.handler.SimpleUrlHandlerMapping]Mapped URL path [/commons/**] onto handler 'org.springframework.web.servlet.resource.ResourceHttpRequestHandler#2'
  [INFO] [2017-05-23 18:09:41][org.springframework.web.servlet.DispatcherServlet]FrameworkServlet 'taotao': initialization completed in 638 ms
  [INFO] [2017-05-23 18:09:57][com.alibaba.druid.pool.DruidDataSource]{dataSource-1} inited
  