[INFO] [2017-05-23 17:59:44][org.springframework.test.context.web.WebTestContextBootstrapper]Loaded default TestExecutionListener class names from location [META-INF/spring.factories]: [org.springframework.test.context.web.ServletTestExecutionListener, org.springframework.test.context.support.DependencyInjectionTestExecutionListener, org.springframework.test.context.support.DirtiesContextTestExecutionListener, org.springframework.test.context.transaction.TransactionalTestExecutionListener, org.springframework.test.context.jdbc.SqlScriptsTestExecutionListener]
  [INFO] [2017-05-23 17:59:44][org.springframework.test.context.web.WebTestContextBootstrapper]Using TestExecutionListeners: [org.springframework.test.context.web.ServletTestExecutionListener@5b275dab, org.springframework.test.context.support.DependencyInjectionTestExecutionListener@61832929, org.springframework.test.context.support.DirtiesContextTestExecutionListener@29774679, org.springframework.test.context.transaction.TransactionalTestExecutionListener@3ffc5af1, org.springframework.test.context.jdbc.SqlScriptsTestExecutionListener@5e5792a0]
  [INFO] [2017-05-23 17:59:44][org.springframework.beans.factory.xml.XmlBeanDefinitionReader]Loading XML bean definitions from file [D:\eclipse\eclipse\parent\taotao-manager-web\target\classes\mybatis\SqlMapConfig.xml]
  [INFO] [2017-05-23 17:59:46][org.springframework.beans.factory.xml.XmlBeanDefinitionReader]Loading XML bean definitions from file [D:\eclipse\eclipse\parent\taotao-manager-web\target\classes\spring\applicationContext-mydao.xml]
  [INFO] [2017-05-23 17:59:46][org.springframework.beans.factory.xml.XmlBeanDefinitionReader]Loading XML bean definitions from file [D:\eclipse\eclipse\parent\taotao-manager-web\target\classes\spring\applicationContext-service.xml]
  [INFO] [2017-05-23 17:59:46][org.springframework.beans.factory.xml.XmlBeanDefinitionReader]Loading XML bean definitions from file [D:\eclipse\eclipse\parent\taotao-manager-web\target\classes\spring\applicationContext-trans.xml]
  [INFO] [2017-05-23 17:59:46][org.springframework.beans.factory.xml.XmlBeanDefinitionReader]Loading XML bean definitions from file [D:\eclipse\eclipse\parent\taotao-manager-web\target\classes\spring\springmvc.xml]
  [INFO] [2017-05-23 17:59:46][org.springframework.web.context.support.GenericWebApplicationContext]Refreshing org.springframework.web.context.support.GenericWebApplicationContext@7e0b0338: startup date [Tue May 23 17:59:46 CST 2017]; root of context hierarchy
  [INFO] [2017-05-23 17:59:46][org.springframework.context.support.PropertySourcesPlaceholderConfigurer]Loading properties file from file [D:\eclipse\eclipse\parent\taotao-manager-web\target\classes\properties\db.properties]
  [INFO] [2017-05-23 17:59:47][org.springframework.web.servlet.mvc.method.annotation.RequestMappingHandlerMapping]Mapped "{[/{page}],methods=[],params=[],headers=[],consumes=[],produces=[],custom=[]}" onto public java.lang.String com.chen.controller.PageController.showPage(java.lang.String)
  [INFO] [2017-05-23 17:59:47][org.springframework.web.servlet.mvc.method.annotation.RequestMappingHandlerMapping]Mapped "{[/],methods=[],params=[],headers=[],consumes=[],produces=[],custom=[]}" onto public java.lang.String com.chen.controller.PageController.showIndex()
  [INFO] [2017-05-23 17:59:47][org.springframework.web.servlet.mvc.method.annotation.RequestMappingHandlerAdapter]Looking for @ControllerAdvice: org.springframework.web.context.support.GenericWebApplicationContext@7e0b0338: startup date [Tue May 23 17:59:46 CST 2017]; root of context hierarchy
  [INFO] [2017-05-23 17:59:47][org.springframework.web.servlet.mvc.method.annotation.RequestMappingHandlerAdapter]Looking for @ControllerAdvice: org.springframework.web.context.support.GenericWebApplicationContext@7e0b0338: startup date [Tue May 23 17:59:46 CST 2017]; root of context hierarchy
  [INFO] [2017-05-23 17:59:48][org.springframework.web.servlet.handler.SimpleUrlHandlerMapping]Mapped URL path [/js/**] onto handler 'org.springframework.web.servlet.resource.ResourceHttpRequestHandler#0'
  [INFO] [2017-05-23 17:59:48][org.springframework.web.servlet.handler.SimpleUrlHandlerMapping]Mapped URL path [/css/**] onto handler 'org.springframework.web.servlet.resource.ResourceHttpRequestHandler#1'
  [INFO] [2017-05-23 17:59:48][org.springframework.web.servlet.handler.SimpleUrlHandlerMapping]Mapped URL path [/commons/**] onto handler 'org.springframework.web.servlet.resource.ResourceHttpRequestHandler#2'
  [INFO] [2017-05-23 17:59:48][org.springframework.mock.web.MockServletContext]Initializing Spring FrameworkServlet ''
  [INFO] [2017-05-23 17:59:48][org.springframework.test.web.servlet.TestDispatcherServlet]FrameworkServlet '': initialization started
  [INFO] [2017-05-23 17:59:48][org.springframework.test.web.servlet.TestDispatcherServlet]FrameworkServlet '': initialization completed in 20 ms
  [INFO] [2017-05-23 17:59:48][org.springframework.web.context.support.GenericWebApplicationContext]Closing org.springframework.web.context.support.GenericWebApplicationContext@7e0b0338: startup date [Tue May 23 17:59:46 CST 2017]; root of context hierarchy
  [INFO] [2017-05-23 18:09:06][org.springframework.test.context.web.WebTestContextBootstrapper]Loaded default TestExecutionListener class names from location [META-INF/spring.factories]: [org.springframework.test.context.web.ServletTestExecutionListener, org.springframework.test.context.support.DependencyInjectionTestExecutionListener, org.springframework.test.context.support.DirtiesContextTestExecutionListener, org.springframework.test.context.transaction.TransactionalTestExecutionListener, org.springframework.test.context.jdbc.SqlScriptsTestExecutionListener]
  [INFO] [2017-05-23 18:09:06][org.springframework.test.context.web.WebTestContextBootstrapper]Using TestExecutionListeners: [org.springframework.test.context.web.ServletTestExecutionListener@31610302, org.springframework.test.context.support.DependencyInjectionTestExecutionListener@71318ec4, org.springframework.test.context.support.DirtiesContextTestExecutionListener@21213b92, org.springframework.test.context.transaction.TransactionalTestExecutionListener@a67c67e, org.springframework.test.context.jdbc.SqlScriptsTestExecutionListener@3327bd23]
  [INFO] [2017-05-23 18:09:06][org.springframework.beans.factory.xml.XmlBeanDefinitionReader]Loading XML bean definitions from file [D:\eclipse\eclipse\parent\taotao-manager-web\target\classes\mybatis\SqlMapConfig.xml]
  [INFO] [2017-05-23 18:09:07][org.springframework.beans.factory.xml.XmlBeanDefinitionReader]Loading XML bean definitions from file [D:\eclipse\eclipse\parent\taotao-manager-web\target\classes\spring\applicationContext-mydao.xml]
  [INFO] [2017-05-23 18:09:07][org.springframework.beans.factory.xml.XmlBeanDefinitionReader]Loading XML bean definitions from file [D:\eclipse\eclipse\parent\taotao-manager-web\target\classes\spring\applicationContext-service.xml]
  [INFO] [2017-05-23 18:09:08][org.springframework.beans.factory.xml.XmlBeanDefinitionReader]Loading XML bean definitions from file [D:\eclipse\eclipse\parent\taotao-manager-web\target\classes\spring\applicationContext-trans.xml]
  [INFO] [2017-05-23 18:09:08][org.springframework.beans.factory.xml.XmlBeanDefinitionReader]Loading XML bean definitions from file [D:\eclipse\eclipse\parent\taotao-manager-web\target\classes\spring\springmvc.xml]
  [INFO] [2017-05-23 18:09:08][org.springframework.web.context.support.GenericWebApplicationContext]Refreshing org.springframework.web.context.support.GenericWebApplicationContext@4973813a: startup date [Tue May 23 18:09:08 CST 2017]; root of context hierarchy
  [INFO] [2017-05-23 18:09:08][org.springframework.context.support.PropertySourcesPlaceholderConfigurer]Loading properties file from file [D:\eclipse\eclipse\parent\taotao-manager-web\target\classes\properties\db.properties]
  [INFO] [2017-05-23 18:09:09][org.springframework.web.servlet.mvc.method.annotation.RequestMappingHandlerMapping]Mapped "{[/item/cat/list],methods=[],params=[],headers=[],consumes=[],produces=[],custom=[]}" onto public java.util.List<com.chen.common.pojo.EasyUITreeNode> com.chen.controller.ItemCatController.getItemCatList(java.lang.Long)
  [INFO] [2017-05-23 18:09:09][org.springframework.web.servlet.mvc.method.annotation.RequestMappingHandlerMapping]Mapped "{[/item/list],methods=[],params=[],headers=[],consumes=[],produces=[],custom=[]}" onto public com.chen.common.pojo.EasyUIDataGridResult com.chen.controller.ItemController.getItemList(java.lang.Integer,java.lang.Integer)
  [INFO] [2017-05-23 18:09:09][org.springframework.web.servlet.mvc.method.annotation.RequestMappingHandlerMapping]Mapped "{[/{page}],methods=[],params=[],headers=[],consumes=[],produces=[],custom=[]}" onto public java.lang.String com.chen.controller.PageController.showPage(java.lang.String)
  [INFO] [2017-05-23 18:09:09][org.springframework.web.servlet.mvc.method.annotation.RequestMappingHandlerMapping]Mapped "{[/],methods=[],params=[],headers=[],consumes=[],produces=[],custom=[]}" onto public java.lang.String com.chen.controller.PageController.showIndex()
  [INFO] [2017-05-23 18:09:09][org.springframework.web.servlet.mvc.method.annotation.RequestMappingHandlerAdapter]Looking for @ControllerAdvice: org.springframework.web.context.support.GenericWebApplicationContext@4973813a: startup date [Tue May 23 18:09:08 CST 2017]; root of context hierarchy
  [INFO] [2017-05-23 18:09:09][org.springframework.web.servlet.mvc.method.annotation.RequestMappingHandlerAdapter]Looking for @ControllerAdvice: org.springframework.web.context.support.GenericWebApplicationContext@4973813a: startup date [Tue May 23 18:09:08 CST 2017]; root of context hierarchy
  [INFO] [2017-05-23 18:09:09][org.springframework.web.servlet.handler.SimpleUrlHandlerMapping]Mapped URL path [/js/**] onto handler 'org.springframework.web.servlet.resource.ResourceHttpRequestHandler#0'
  [INFO] [2017-05-23 18:09:09][org.springframework.web.servlet.handler.SimpleUrlHandlerMapping]Mapped URL path [/css/**] onto handler 'org.springframework.web.servlet.resource.ResourceHttpRequestHandler#1'
  [INFO] [2017-05-23 18:09:09][org.springframework.web.servlet.handler.SimpleUrlHandlerMapping]Mapped URL path [/commons/**] onto handler 'org.springframework.web.servlet.resource.ResourceHttpRequestHandler#2'
  [INFO] [2017-05-23 18:09:09][org.springframework.mock.web.MockServletContext]Initializing Spring FrameworkServlet ''
  [INFO] [2017-05-23 18:09:09][org.springframework.test.web.servlet.TestDispatcherServlet]FrameworkServlet '': initialization started
  [INFO] [2017-05-23 18:09:09][org.springframework.test.web.servlet.TestDispatcherServlet]FrameworkServlet '': initialization completed in 16 ms
  [INFO] [2017-05-23 18:09:09][org.springframework.web.context.support.GenericWebApplicationContext]Closing org.springframework.web.context.support.GenericWebApplicationContext@4973813a: startup date [Tue May 23 18:09:08 CST 2017]; root of context hierarchy
  